<?xml version="1.0" encoding="UTF-8"?>
<!-- Generated by org.testng.reporters.JUnitReportReporter -->
<testsuite hostname="DESKTOP-0AB8V70" failures="0" tests="6" name="tests.DataDrivenTests" time="15.954" errors="0" timestamp="2024-03-01T13:13:01 IST" skipped="0">
  <testcase classname="tests.DataDrivenTests" name="testPostUser" time="2.033"/>
  <system-out/>
  <testcase classname="tests.DataDrivenTests" name="testPostUser" time="2.230"/>
  <system-out/>
  <testcase classname="tests.DataDrivenTests" name="testPostUser" time="5.947"/>
  <system-out/>
  <testcase classname="tests.DataDrivenTests" name="testDeleteUserByName" time="1.962"/>
  <system-out/>
  <testcase classname="tests.DataDrivenTests" name="testDeleteUserByName" time="1.688"/>
  <system-out/>
  <testcase classname="tests.DataDrivenTests" name="testDeleteUserByName" time="2.094"/>
  <system-out/>
</testsuite> <!-- tests.DataDrivenTests -->
