<?xml version="1.0" encoding="UTF-8"?>
<!-- Generated by org.testng.reporters.JUnitReportReporter -->
<testsuite hostname="DESKTOP-0AB8V70" failures="0" tests="6" name="tests.DataDrivenTests" time="16.493" errors="0" timestamp="2024-02-29T18:51:49 IST" skipped="0">
  <testcase classname="tests.DataDrivenTests" name="testPostUser" time="6.507"/>
  <system-out/>
  <testcase classname="tests.DataDrivenTests" name="testPostUser" time="2.194"/>
  <system-out/>
  <testcase classname="tests.DataDrivenTests" name="testPostUser" time="2.048"/>
  <system-out/>
  <testcase classname="tests.DataDrivenTests" name="testDeleteUserByName" time="1.755"/>
  <system-out/>
  <testcase classname="tests.DataDrivenTests" name="testDeleteUserByName" time="2.238"/>
  <system-out/>
  <testcase classname="tests.DataDrivenTests" name="testDeleteUserByName" time="1.751"/>
  <system-out/>
</testsuite> <!-- tests.DataDrivenTests -->
