<?xml version="1.0" encoding="UTF-8"?>
<!-- Generated by org.testng.reporters.JUnitReportReporter -->
<testsuite hostname="DESKTOP-0AB8V70" failures="0" tests="4" name="tests.UserTestCases2" time="12.993" errors="0" timestamp="2024-02-29T18:51:49 IST" skipped="0">
  <testcase classname="tests.UserTestCases2" name="testPostUser" time="1.860"/>
  <system-out/>
  <testcase classname="tests.UserTestCases2" name="testGetUserByName" time="1.864"/>
  <system-out/>
  <testcase classname="tests.UserTestCases2" name="testUpdateUserByName" time="7.412"/>
  <system-out/>
  <testcase classname="tests.UserTestCases2" name="testDeleteUserByName" time="1.857"/>
  <system-out/>
</testsuite> <!-- tests.UserTestCases2 -->
