<?xml version="1.0" encoding="UTF-8"?>
<!-- Generated by org.testng.reporters.JUnitReportReporter -->
<testsuite hostname="DESKTOP-0AB8V70" failures="0" tests="4" name="tests.UserTestCases" time="15.263" errors="0" timestamp="2024-02-29T18:56:55 IST" skipped="0">
  <testcase classname="tests.UserTestCases" name="testPostUser" time="7.472"/>
  <system-out/>
  <testcase classname="tests.UserTestCases" name="testGetUserByName" time="2.059"/>
  <system-out/>
  <testcase classname="tests.UserTestCases" name="testUpdateUserByName" time="3.824"/>
  <system-out/>
  <testcase classname="tests.UserTestCases" name="testDeleteUserByName" time="1.908"/>
  <system-out/>
</testsuite> <!-- tests.UserTestCases -->
