<?xml version="1.0" encoding="UTF-8"?>
<!-- Generated by org.testng.reporters.JUnitReportReporter -->
<testsuite hostname="DESKTOP-0AB8V70" failures="0" tests="4" name="tests.UserTestCases2" time="18.775" errors="0" timestamp="2024-03-23T18:01:45 IST" skipped="0">
  <testcase classname="tests.UserTestCases2" name="testPostUser" time="3.902"/>
  <system-out/>
  <testcase classname="tests.UserTestCases2" name="testGetUserByName" time="3.452"/>
  <system-out/>
  <testcase classname="tests.UserTestCases2" name="testUpdateUserByName" time="8.386"/>
  <system-out/>
  <testcase classname="tests.UserTestCases2" name="testDeleteUserByName" time="3.035"/>
  <system-out/>
</testsuite> <!-- tests.UserTestCases2 -->
