<?xml version="1.0" encoding="UTF-8"?>
<!-- Generated by org.testng.reporters.JUnitReportReporter -->
<testsuite hostname="DESKTOP-0AB8V70" failures="0" tests="4" name="tests.UserTestCases" time="10.125" errors="0" timestamp="2024-03-01T08:27:28 IST" skipped="0">
  <testcase classname="tests.UserTestCases" name="testPostUser" time="1.824"/>
  <system-out/>
  <testcase classname="tests.UserTestCases" name="testGetUserByName" time="2.233"/>
  <system-out/>
  <testcase classname="tests.UserTestCases" name="testUpdateUserByName" time="4.152"/>
  <system-out/>
  <testcase classname="tests.UserTestCases" name="testDeleteUserByName" time="1.916"/>
  <system-out/>
</testsuite> <!-- tests.UserTestCases -->
