<?xml version="1.0" encoding="UTF-8"?>
<!-- Generated by org.testng.reporters.JUnitReportReporter -->
<testsuite hostname="DESKTOP-0AB8V70" failures="0" tests="4" name="tests.UserTestCases" time="16.694" errors="0" timestamp="2024-03-23T18:01:45 IST" skipped="0">
  <testcase classname="tests.UserTestCases" name="testPostUser" time="1.831"/>
  <system-out/>
  <testcase classname="tests.UserTestCases" name="testGetUserByName" time="2.638"/>
  <system-out/>
  <testcase classname="tests.UserTestCases" name="testUpdateUserByName" time="8.552"/>
  <system-out/>
  <testcase classname="tests.UserTestCases" name="testDeleteUserByName" time="3.673"/>
  <system-out/>
</testsuite> <!-- tests.UserTestCases -->
