<?xml version="1.0" encoding="UTF-8"?>
<!-- Generated by org.testng.reporters.JUnitReportReporter -->
<testsuite hostname="DESKTOP-0AB8V70" failures="0" tests="6" name="tests.DataDrivenTests" time="36.404" errors="0" timestamp="2024-03-23T18:01:45 IST" skipped="0">
  <testcase classname="tests.DataDrivenTests" name="testPostUser" time="11.736"/>
  <system-out/>
  <testcase classname="tests.DataDrivenTests" name="testPostUser" time="3.349"/>
  <system-out/>
  <testcase classname="tests.DataDrivenTests" name="testPostUser" time="10.785"/>
  <system-out/>
  <testcase classname="tests.DataDrivenTests" name="testDeleteUserByName" time="3.009"/>
  <system-out/>
  <testcase classname="tests.DataDrivenTests" name="testDeleteUserByName" time="2.089"/>
  <system-out/>
  <testcase classname="tests.DataDrivenTests" name="testDeleteUserByName" time="5.436"/>
  <system-out/>
</testsuite> <!-- tests.DataDrivenTests -->
