<?xml version="1.0" encoding="UTF-8"?>
<!-- Generated by org.testng.reporters.JUnitReportReporter -->
<testsuite hostname="DESKTOP-0AB8V70" failures="0" tests="6" name="tests.DataDrivenTests" time="53.434" errors="0" timestamp="2024-03-23T13:07:18 IST" skipped="0">
  <testcase classname="tests.DataDrivenTests" name="testPostUser" time="6.495"/>
  <system-out/>
  <testcase classname="tests.DataDrivenTests" name="testPostUser" time="4.285"/>
  <system-out/>
  <testcase classname="tests.DataDrivenTests" name="testPostUser" time="3.683"/>
  <system-out/>
  <testcase classname="tests.DataDrivenTests" name="testDeleteUserByName" time="10.376"/>
  <system-out/>
  <testcase classname="tests.DataDrivenTests" name="testDeleteUserByName" time="7.201"/>
  <system-out/>
  <testcase classname="tests.DataDrivenTests" name="testDeleteUserByName" time="21.394"/>
  <system-out/>
</testsuite> <!-- tests.DataDrivenTests -->
