<?xml version="1.0" encoding="UTF-8"?>
<!-- Generated by org.testng.reporters.JUnitReportReporter -->
<testsuite hostname="DESKTOP-0AB8V70" failures="0" tests="4" name="tests.UserTestCases2" time="9.299" errors="0" timestamp="2024-03-01T08:27:28 IST" skipped="0">
  <testcase classname="tests.UserTestCases2" name="testPostUser" time="2.100"/>
  <system-out/>
  <testcase classname="tests.UserTestCases2" name="testGetUserByName" time="1.768"/>
  <system-out/>
  <testcase classname="tests.UserTestCases2" name="testUpdateUserByName" time="3.670"/>
  <system-out/>
  <testcase classname="tests.UserTestCases2" name="testDeleteUserByName" time="1.761"/>
  <system-out/>
</testsuite> <!-- tests.UserTestCases2 -->
