<?xml version="1.0" encoding="UTF-8"?>
<!-- Generated by org.testng.reporters.JUnitReportReporter -->
<testsuite hostname="DESKTOP-0AB8V70" failures="0" tests="4" name="tests.UserTestCases" time="40.583" errors="0" timestamp="2024-03-23T13:07:18 IST" skipped="0">
  <testcase classname="tests.UserTestCases" name="testPostUser" time="2.355"/>
  <system-out/>
  <testcase classname="tests.UserTestCases" name="testGetUserByName" time="12.859"/>
  <system-out/>
  <testcase classname="tests.UserTestCases" name="testUpdateUserByName" time="18.329"/>
  <system-out/>
  <testcase classname="tests.UserTestCases" name="testDeleteUserByName" time="7.040"/>
  <system-out/>
</testsuite> <!-- tests.UserTestCases -->
