<?xml version="1.0" encoding="UTF-8"?>
<!-- Generated by org.testng.reporters.JUnitReportReporter -->
<testsuite hostname="DESKTOP-0AB8V70" failures="0" tests="6" name="tests.DataDrivenTests" time="18.508" errors="0" timestamp="2024-03-01T08:27:28 IST" skipped="0">
  <testcase classname="tests.DataDrivenTests" name="testPostUser" time="7.913"/>
  <system-out/>
  <testcase classname="tests.DataDrivenTests" name="testPostUser" time="2.232"/>
  <system-out/>
  <testcase classname="tests.DataDrivenTests" name="testPostUser" time="2.336"/>
  <system-out/>
  <testcase classname="tests.DataDrivenTests" name="testDeleteUserByName" time="1.918"/>
  <system-out/>
  <testcase classname="tests.DataDrivenTests" name="testDeleteUserByName" time="1.918"/>
  <system-out/>
  <testcase classname="tests.DataDrivenTests" name="testDeleteUserByName" time="2.191"/>
  <system-out/>
</testsuite> <!-- tests.DataDrivenTests -->
