<?xml version="1.0" encoding="UTF-8"?>
<!-- Generated by org.testng.reporters.JUnitReportReporter -->
<testsuite hostname="DESKTOP-0AB8V70" failures="0" tests="6" name="tests.DataDrivenTests" time="15.087" errors="0" timestamp="2024-03-01T21:00:59 IST" skipped="0">
  <testcase classname="tests.DataDrivenTests" name="testPostUser" time="6.812"/>
  <system-out/>
  <testcase classname="tests.DataDrivenTests" name="testPostUser" time="1.594"/>
  <system-out/>
  <testcase classname="tests.DataDrivenTests" name="testPostUser" time="1.733"/>
  <system-out/>
  <testcase classname="tests.DataDrivenTests" name="testDeleteUserByName" time="1.598"/>
  <system-out/>
  <testcase classname="tests.DataDrivenTests" name="testDeleteUserByName" time="1.752"/>
  <system-out/>
  <testcase classname="tests.DataDrivenTests" name="testDeleteUserByName" time="1.598"/>
  <system-out/>
</testsuite> <!-- tests.DataDrivenTests -->
