<?xml version="1.0" encoding="UTF-8"?>
<!-- Generated by org.testng.reporters.JUnitReportReporter -->
<testsuite hostname="DESKTOP-0AB8V70" failures="0" tests="6" name="tests.DataDrivenTests" time="43.685" errors="0" timestamp="2024-03-23T19:46:45 IST" skipped="0">
  <testcase classname="tests.DataDrivenTests" name="testPostUser" time="4.121"/>
  <system-out/>
  <testcase classname="tests.DataDrivenTests" name="testPostUser" time="7.964"/>
  <system-out/>
  <testcase classname="tests.DataDrivenTests" name="testPostUser" time="10.450"/>
  <system-out/>
  <testcase classname="tests.DataDrivenTests" name="testDeleteUserByName" time="5.506"/>
  <system-out/>
  <testcase classname="tests.DataDrivenTests" name="testDeleteUserByName" time="10.053"/>
  <system-out/>
  <testcase classname="tests.DataDrivenTests" name="testDeleteUserByName" time="5.591"/>
  <system-out/>
</testsuite> <!-- tests.DataDrivenTests -->
