<?xml version="1.0" encoding="UTF-8"?>
<!-- Generated by org.testng.reporters.JUnitReportReporter -->
<testsuite hostname="DESKTOP-0AB8V70" failures="0" tests="4" name="tests.UserTestCases2" time="29.324" errors="0" timestamp="2024-03-23T13:07:18 IST" skipped="0">
  <testcase classname="tests.UserTestCases2" name="testPostUser" time="3.894"/>
  <system-out/>
  <testcase classname="tests.UserTestCases2" name="testGetUserByName" time="7.477"/>
  <system-out/>
  <testcase classname="tests.UserTestCases2" name="testUpdateUserByName" time="10.442"/>
  <system-out/>
  <testcase classname="tests.UserTestCases2" name="testDeleteUserByName" time="7.511"/>
  <system-out/>
</testsuite> <!-- tests.UserTestCases2 -->
