<?xml version="1.0" encoding="UTF-8"?>
<!-- Generated by org.testng.reporters.JUnitReportReporter -->
<testsuite hostname="DESKTOP-0AB8V70" failures="0" tests="4" name="tests.UserTestCases" time="27.325" errors="0" timestamp="2024-03-23T19:46:45 IST" skipped="0">
  <testcase classname="tests.UserTestCases" name="testPostUser" time="3.669"/>
  <system-out/>
  <testcase classname="tests.UserTestCases" name="testGetUserByName" time="4.844"/>
  <system-out/>
  <testcase classname="tests.UserTestCases" name="testUpdateUserByName" time="12.904"/>
  <system-out/>
  <testcase classname="tests.UserTestCases" name="testDeleteUserByName" time="5.908"/>
  <system-out/>
</testsuite> <!-- tests.UserTestCases -->
