<?xml version="1.0" encoding="UTF-8"?>
<!-- Generated by org.testng.reporters.JUnitReportReporter -->
<testsuite hostname="DESKTOP-0AB8V70" failures="0" tests="4" name="tests.UserTestCases" time="8.133" errors="0" timestamp="2024-03-01T21:00:59 IST" skipped="0">
  <testcase classname="tests.UserTestCases" name="testPostUser" time="1.748"/>
  <system-out/>
  <testcase classname="tests.UserTestCases" name="testGetUserByName" time="1.604"/>
  <system-out/>
  <testcase classname="tests.UserTestCases" name="testUpdateUserByName" time="3.193"/>
  <system-out/>
  <testcase classname="tests.UserTestCases" name="testDeleteUserByName" time="1.588"/>
  <system-out/>
</testsuite> <!-- tests.UserTestCases -->
