<?xml version="1.0" encoding="UTF-8"?>
<!-- Generated by org.testng.reporters.JUnitReportReporter -->
<testsuite hostname="DESKTOP-0AB8V70" failures="0" tests="4" name="tests.UserTestCases2" time="47.619" errors="0" timestamp="2024-03-23T19:46:45 IST" skipped="0">
  <testcase classname="tests.UserTestCases2" name="testPostUser" time="12.482"/>
  <system-out/>
  <testcase classname="tests.UserTestCases2" name="testGetUserByName" time="2.305"/>
  <system-out/>
  <testcase classname="tests.UserTestCases2" name="testUpdateUserByName" time="29.585"/>
  <system-out/>
  <testcase classname="tests.UserTestCases2" name="testDeleteUserByName" time="3.247"/>
  <system-out/>
</testsuite> <!-- tests.UserTestCases2 -->
