<?xml version="1.0" encoding="UTF-8"?>
<!-- Generated by org.testng.reporters.JUnitReportReporter -->
<testsuite hostname="DESKTOP-0AB8V70" failures="0" tests="4" name="tests.UserTestCases2" time="8.196" errors="0" timestamp="2024-03-01T21:00:59 IST" skipped="0">
  <testcase classname="tests.UserTestCases2" name="testPostUser" time="1.655"/>
  <system-out/>
  <testcase classname="tests.UserTestCases2" name="testGetUserByName" time="1.590"/>
  <system-out/>
  <testcase classname="tests.UserTestCases2" name="testUpdateUserByName" time="3.355"/>
  <system-out/>
  <testcase classname="tests.UserTestCases2" name="testDeleteUserByName" time="1.596"/>
  <system-out/>
</testsuite> <!-- tests.UserTestCases2 -->
